<?xml version="1.0" encoding="UTF-8"?>
<!-- Generated by org.testng.reporters.JUnitXMLReporter -->
<testsuite ignored="0" hostname="DESKTOP-2H6M1BJ" failures="0" tests="4" name="Test" time="21.779" errors="0" timestamp="01 Apr 2022 18:52:00 GMT">
  <testcase classname="com.amaz.stepdefinition.LoginValidation" name="signin" time="5.216"/>
  <testcase classname="com.amaz.stepdefinition.SearchValidation" name="search" time="0.521"/>
  <testcase classname="com.amaz.stepdefinition.LoginValidation" name="nextpage" time="2.36"/>
  <testcase classname="com.amaz.stepdefinition.LoginValidation" name="password" time="0.107"/>
</testsuite> <!-- Test -->
