<?xml version="1.0" encoding="UTF-8"?>
<testng-results ignored="0" total="1" passed="1" failed="0" skipped="0">
  <reporter-output>
  </reporter-output>
  <suite started-at="2022-04-01T18:56:46Z" name="Default suite" finished-at="2022-04-01T18:56:53Z" duration-ms="7102">
    <groups>
    </groups>
    <test started-at="2022-04-01T18:56:46Z" name="Default test" finished-at="2022-04-01T18:56:53Z" duration-ms="7102">
      <class name="com.amaz.stepdefinition.SearchValidation">
        <test-method is-config="true" signature="beforeclass()[pri:0, instance:com.amaz.stepdefinition.SearchValidation@d278d2b]" started-at="2022-04-01T18:56:46Z" name="beforeclass" finished-at="2022-04-01T18:56:53Z" duration-ms="6564" status="PASS">
          <reporter-output>
          </reporter-output>
        </test-method> <!-- beforeclass -->
        <test-method is-config="true" signature="beforemethod()[pri:0, instance:com.amaz.stepdefinition.SearchValidation@d278d2b]" started-at="2022-04-01T18:56:53Z" name="beforemethod" finished-at="2022-04-01T18:56:53Z" duration-ms="2" status="PASS">
          <reporter-output>
          </reporter-output>
        </test-method> <!-- beforemethod -->
        <test-method signature="search(java.lang.String)[pri:1, instance:com.amaz.stepdefinition.SearchValidation@d278d2b]" started-at="2022-04-01T18:56:53Z" name="search" data-provider="mobilename" finished-at="2022-04-01T18:56:53Z" duration-ms="501" status="PASS">
          <params>
            <param index="0">
              <value>
                <![CDATA[oneplus]]>
              </value>
            </param>
          </params>
          <reporter-output>
          </reporter-output>
        </test-method> <!-- search -->
        <test-method is-config="true" signature="aftervoid()[pri:0, instance:com.amaz.stepdefinition.SearchValidation@d278d2b]" started-at="2022-04-01T18:56:53Z" name="aftervoid" finished-at="2022-04-01T18:56:53Z" duration-ms="0" status="PASS">
          <reporter-output>
          </reporter-output>
        </test-method> <!-- aftervoid -->
        <test-method is-config="true" signature="afterclass()[pri:0, instance:com.amaz.stepdefinition.SearchValidation@d278d2b]" started-at="2022-04-01T18:56:53Z" name="afterclass" finished-at="2022-04-01T18:56:53Z" duration-ms="0" status="PASS">
          <reporter-output>
          </reporter-output>
        </test-method> <!-- afterclass -->
      </class> <!-- com.amaz.stepdefinition.SearchValidation -->
    </test> <!-- Default test -->
  </suite> <!-- Default suite -->
</testng-results>
